SF:lib/app/app.module.dart
DA:9,0
DA:10,0
LF:2
LH:0
end_of_record
SF:lib/app/features/mesa/module/mesa.module.dart
DA:9,2
DA:14,0
LF:2
LH:1
end_of_record
SF:lib/app/features/mesa/viewmodel/mesa.viewmodel.g.dart
DA:12,1
DA:13,2
DA:15,1
DA:17,2
DA:18,1
DA:21,0
DA:23,0
DA:24,0
DA:28,1
DA:29,2
DA:31,1
DA:33,2
DA:36,1
DA:38,2
DA:42,1
DA:44,2
DA:47,1
DA:49,2
DA:53,0
DA:56,0
DA:57,0
LF:21
LH:15
end_of_record
SF:lib/app/features/mesa/viewmodel/mesa.viewmodel.dart
DA:10,1
DA:18,1
DA:20,3
DA:23,1
DA:25,2
DA:26,7
LF:6
LH:6
end_of_record
SF:lib/app/features/pedido/viewmodel/pedido.viewmodel.dart
DA:15,1
DA:29,1
DA:32,1
DA:33,1
DA:34,2
DA:35,1
DA:36,1
DA:39,1
DA:41,1
DA:42,2
DA:43,1
DA:44,1
DA:47,1
DA:48,1
DA:49,1
DA:50,3
DA:54,1
DA:55,1
DA:56,1
DA:59,1
DA:61,3
DA:62,4
DA:67,1
DA:69,1
DA:70,3
DA:71,3
DA:72,1
DA:73,1
DA:74,3
DA:75,1
DA:76,3
DA:80,1
DA:82,1
DA:83,6
DA:85,1
DA:87,1
DA:91,1
DA:92,3
DA:95,1
DA:98,2
DA:99,2
DA:100,2
LF:42
LH:42
end_of_record
SF:lib/app/features/pedido/viewmodel/pedido.viewmodel.g.dart
DA:12,1
DA:13,2
DA:15,1
DA:17,2
DA:18,1
DA:21,1
DA:23,4
DA:24,1
DA:28,1
DA:29,2
DA:31,1
DA:33,2
DA:34,1
DA:37,1
DA:39,4
DA:40,1
DA:44,1
DA:45,2
DA:47,1
DA:49,2
DA:50,1
DA:53,1
DA:55,4
DA:56,1
DA:60,1
DA:61,2
DA:63,1
DA:66,2
DA:70,1
DA:72,2
DA:76,1
DA:78,2
DA:81,1
DA:83,2
DA:87,1
DA:89,2
DA:92,1
DA:94,2
DA:98,1
DA:100,2
DA:103,1
DA:105,2
DA:109,1
DA:111,2
DA:114,1
DA:116,2
DA:120,0
DA:123,0
DA:124,0
DA:125,0
DA:126,0
LF:51
LH:46
end_of_record
SF:lib/app/features/home/module/home.module.dart
DA:13,0
LF:1
LH:0
end_of_record
SF:lib/app/features/home/components/menu_item.widget.dart
DA:8,7
DA:9,0
DA:11,1
DA:13,1
DA:14,1
DA:18,1
DA:19,1
DA:21,1
DA:22,1
DA:26,5
LF:10
LH:9
end_of_record
SF:lib/app/features/pedido/module/pedido.module.dart
DA:10,2
DA:15,0
DA:17,0
DA:19,0
LF:4
LH:1
end_of_record
SF:lib/app/features/home/ui/home.view.dart
DA:6,8
DA:8,1
DA:10,1
DA:11,1
DA:12,1
LF:5
LH:5
end_of_record
SF:lib/app/features/mesa/model/mesa.model.dart
DA:5,6
LF:1
LH:1
end_of_record
SF:lib/app/features/mesa/views/mesa.view.dart
DA:8,8
DA:10,1
DA:11,1
DA:19,1
DA:21,1
DA:22,1
DA:25,2
DA:26,3
DA:27,1
DA:28,1
DA:29,1
DA:30,1
DA:31,6
DA:32,1
DA:33,1
DA:35,4
DA:39,1
DA:40,2
DA:43,4
DA:44,1
DA:46,1
DA:47,3
DA:49,3
DA:54,3
DA:60,1
DA:61,1
DA:62,1
DA:68,1
DA:69,1
DA:70,1
DA:71,1
DA:72,1
DA:74,1
DA:75,1
DA:76,1
DA:77,1
DA:80,1
DA:81,1
DA:83,1
DA:84,1
DA:87,2
DA:88,1
DA:95,1
DA:96,1
DA:97,3
DA:98,1
DA:99,4
DA:100,3
LF:48
LH:48
end_of_record
SF:lib/app/features/pedido/model/historico.model.dart
DA:8,3
LF:1
LH:1
end_of_record
SF:lib/app/features/pedido/model/pedido.model.dart
DA:8,4
LF:1
LH:1
end_of_record
SF:lib/app/features/pedido/model/produto.model.dart
DA:6,4
LF:1
LH:1
end_of_record
SF:lib/app/features/pedido/views/detalhes_pedido.view.dart
DA:10,1
DA:12,1
DA:13,1
DA:18,1
DA:20,1
DA:21,1
DA:22,5
DA:24,2
DA:25,1
DA:26,1
DA:27,1
DA:29,1
DA:30,9
DA:34,1
DA:35,1
DA:36,1
DA:38,8
DA:39,1
DA:40,2
DA:41,1
DA:42,4
DA:45,8
LF:22
LH:22
end_of_record
SF:lib/app/features/pedido/views/historico.view.dart
DA:7,8
DA:9,1
DA:10,1
DA:15,1
DA:17,1
DA:18,1
DA:21,2
DA:22,1
DA:23,1
DA:24,1
DA:25,1
DA:26,1
DA:27,1
DA:28,3
DA:29,1
DA:30,10
DA:31,1
DA:32,3
DA:36,3
DA:39,1
DA:42,1
DA:43,3
LF:22
LH:22
end_of_record
SF:lib/app/features/pedido/views/registrar_pedido.view.dart
DA:11,2
DA:13,1
DA:14,1
DA:25,1
DA:27,4
DA:28,1
DA:31,1
DA:33,1
DA:34,1
DA:35,6
DA:36,1
DA:37,1
DA:38,2
DA:42,6
DA:43,1
DA:44,1
DA:45,4
DA:46,1
DA:47,2
DA:48,1
DA:49,5
DA:50,1
DA:52,1
DA:53,2
DA:58,4
DA:63,1
DA:64,1
DA:65,1
DA:72,1
DA:73,1
DA:74,1
DA:75,1
DA:76,1
DA:78,1
DA:79,1
DA:80,1
DA:81,1
DA:82,1
DA:83,1
DA:85,1
DA:88,1
DA:89,1
DA:95,1
DA:97,1
DA:101,1
DA:102,1
DA:104,1
DA:105,1
DA:111,1
DA:113,1
DA:116,1
DA:117,1
DA:119,1
DA:120,1
DA:127,1
DA:129,1
DA:130,3
DA:131,2
DA:132,2
DA:134,3
DA:135,3
DA:137,3
DA:150,1
DA:151,1
DA:152,1
DA:153,1
DA:154,1
DA:156,1
DA:159,1
DA:161,1
DA:162,1
DA:164,4
DA:167,1
DA:169,1
DA:170,2
DA:171,3
DA:183,1
DA:185,1
LF:78
LH:78
end_of_record
